<?xml version="1.0" encoding="UTF-8"?>
<!-- Generated by org.testng.reporters.JUnitXMLReporter -->
<testsuite ignored="1" hostname="shree-PC" failures="0" tests="7" name="Test" time="0.094" errors="0" timestamp="2022-04-19T07:37:10 IST">
  <testcase classname="test1.NewTest1" name="f" time="0.011"/>
  <testcase classname="test1.NewTest1" name="f1" time="0.001"/>
  <testcase classname="test1.NewTest3" name="fNewTest2" time="0.002"/>
  <testcase classname="test1.NewTest3" name="fNewTest2" time="0.005"/>
  <testcase classname="test1.NewTest3" name="fNewTest2" time="0.003"/>
  <testcase classname="test1.NewTest3" name="fNewTest2" time="0.002"/>
  <testcase classname="test1.NewTest3" name="fNewTest2" time="0.002"/>
  <testcase classname="test1.NewTest2" name="fNewTest2" time="0.0">
    <ignored/>
  </testcase> <!-- fNewTest2 -->
</testsuite> <!-- Test -->
