<?xml version="1.0" encoding="UTF-8"?>
<!-- Generated by org.testng.reporters.JUnitXMLReporter -->
<testsuite ignored="3" hostname="shree-PC" failures="0" tests="0" time="0.013" errors="0" timestamp="2022-04-19T07:28:53 IST">
  <testcase classname="test1.NewTest2" name="fNewTest2" time="0.0">
    <ignored/>
  </testcase> <!-- fNewTest2 -->
  <testcase classname="test1.NewTest1" name="f" time="0.0">
    <ignored/>
  </testcase> <!-- f -->
  <testcase classname="test1.NewTest1" name="f1" time="0.0">
    <ignored/>
  </testcase> <!-- f1 -->
</testsuite>
