<?xml version="1.0" encoding="UTF-8"?>
<testng-results ignored="0" total="3" passed="3" failed="0" skipped="0">
  <reporter-output>
  </reporter-output>
  <suite started-at="2022-04-19T06:41:53 IST" name="Suite1" finished-at="2022-04-19T06:41:53 IST" duration-ms="70">
    <groups>
    </groups>
    <test started-at="2022-04-19T06:41:53 IST" name="Test" finished-at="2022-04-19T06:41:53 IST" duration-ms="70">
      <class name="test1.NewTest1">
        <test-method is-config="true" signature="beforeSuite()[pri:0, instance:test1.NewTest1@10163d6]" started-at="2022-04-19T06:41:53 IST" name="beforeSuite" finished-at="2022-04-19T06:41:53 IST" duration-ms="8" status="PASS">
          <reporter-output>
          </reporter-output>
        </test-method> <!-- beforeSuite -->
        <test-method is-config="true" signature="beforeTest()[pri:0, instance:test1.NewTest1@10163d6]" started-at="2022-04-19T06:41:53 IST" name="beforeTest" finished-at="2022-04-19T06:41:53 IST" duration-ms="1" status="PASS">
          <reporter-output>
          </reporter-output>
        </test-method> <!-- beforeTest -->
        <test-method is-config="true" signature="beforeClass()[pri:0, instance:test1.NewTest1@10163d6]" started-at="2022-04-19T06:41:53 IST" name="beforeClass" finished-at="2022-04-19T06:41:53 IST" duration-ms="1" status="PASS">
          <reporter-output>
          </reporter-output>
        </test-method> <!-- beforeClass -->
        <test-method is-config="true" signature="beforeMethod()[pri:0, instance:test1.NewTest1@10163d6]" started-at="2022-04-19T06:41:53 IST" name="beforeMethod" finished-at="2022-04-19T06:41:53 IST" duration-ms="1" status="PASS">
          <reporter-output>
          </reporter-output>
        </test-method> <!-- beforeMethod -->
        <test-method signature="f()[pri:0, instance:test1.NewTest1@10163d6]" started-at="2022-04-19T06:41:53 IST" name="f" finished-at="2022-04-19T06:41:53 IST" duration-ms="3" status="PASS">
          <reporter-output>
          </reporter-output>
        </test-method> <!-- f -->
        <test-method is-config="true" signature="afterMethod()[pri:0, instance:test1.NewTest1@10163d6]" started-at="2022-04-19T06:41:53 IST" name="afterMethod" finished-at="2022-04-19T06:41:53 IST" duration-ms="0" status="PASS">
          <reporter-output>
          </reporter-output>
        </test-method> <!-- afterMethod -->
        <test-method is-config="true" signature="beforeMethod()[pri:0, instance:test1.NewTest1@10163d6]" started-at="2022-04-19T06:41:53 IST" name="beforeMethod" finished-at="2022-04-19T06:41:53 IST" duration-ms="1" status="PASS">
          <reporter-output>
          </reporter-output>
        </test-method> <!-- beforeMethod -->
        <test-method signature="f1()[pri:0, instance:test1.NewTest1@10163d6]" started-at="2022-04-19T06:41:53 IST" name="f1" finished-at="2022-04-19T06:41:53 IST" duration-ms="3" status="PASS">
          <reporter-output>
          </reporter-output>
        </test-method> <!-- f1 -->
        <test-method is-config="true" signature="afterMethod()[pri:0, instance:test1.NewTest1@10163d6]" started-at="2022-04-19T06:41:53 IST" name="afterMethod" finished-at="2022-04-19T06:41:53 IST" duration-ms="1" status="PASS">
          <reporter-output>
          </reporter-output>
        </test-method> <!-- afterMethod -->
        <test-method is-config="true" signature="afterClass()[pri:0, instance:test1.NewTest1@10163d6]" started-at="2022-04-19T06:41:53 IST" name="afterClass" finished-at="2022-04-19T06:41:53 IST" duration-ms="0" status="PASS">
          <reporter-output>
          </reporter-output>
        </test-method> <!-- afterClass -->
        <test-method is-config="true" signature="afterTest()[pri:0, instance:test1.NewTest1@10163d6]" started-at="2022-04-19T06:41:53 IST" name="afterTest" finished-at="2022-04-19T06:41:53 IST" duration-ms="0" status="PASS">
          <reporter-output>
          </reporter-output>
        </test-method> <!-- afterTest -->
        <test-method is-config="true" signature="afterSuite()[pri:0, instance:test1.NewTest1@10163d6]" started-at="2022-04-19T06:41:53 IST" name="afterSuite" finished-at="2022-04-19T06:41:53 IST" duration-ms="1" status="PASS">
          <reporter-output>
          </reporter-output>
        </test-method> <!-- afterSuite -->
      </class> <!-- test1.NewTest1 -->
      <class name="test1.NewTest2">
        <test-method signature="fNewTest2()[pri:0, instance:test1.NewTest2@1bb266b3]" started-at="2022-04-19T06:41:53 IST" name="fNewTest2" description="class NewTest2" finished-at="2022-04-19T06:41:53 IST" duration-ms="9" status="PASS">
          <reporter-output>
          </reporter-output>
        </test-method> <!-- fNewTest2 -->
      </class> <!-- test1.NewTest2 -->
    </test> <!-- Test -->
  </suite> <!-- Suite1 -->
</testng-results>
